2018-06-14 12:59:45  INFO DruidDataSource:669 - {dataSource-1} inited
2018-06-14 12:59:48 DEBUG PreparedStatementPool:123 - {conn-10005, pstmt-20000} enter cache
2018-06-14 12:59:53  INFO AdminTask:16 - ......SOCKET...IS.....WORKING 
2018-06-14 12:59:53  INFO SocketListener:38 - 服务已经启动，开始在端口[8888]监听,等待TCP客户端连接....
2018-06-14 13:14:00  INFO SocketListener:49 - 收到客户端[127.0.0.1:53648]连接请求.
2018-06-14 13:16:40  INFO SocketListener:49 - 收到客户端[127.0.0.1:53669]连接请求.
2018-06-14 13:20:14  INFO DruidDataSource:669 - {dataSource-1} inited
2018-06-14 13:20:15 DEBUG PreparedStatementPool:123 - {conn-10005, pstmt-20000} enter cache
2018-06-14 13:20:17  INFO AdminTask:16 - ......SOCKET...IS.....WORKING 
2018-06-14 13:20:17  INFO SocketListener:38 - 服务已经启动，开始在端口[8888]监听,等待TCP客户端连接....
2018-06-14 13:33:50  INFO DruidDataSource:669 - {dataSource-1} inited
2018-06-14 13:33:51 DEBUG PreparedStatementPool:123 - {conn-10005, pstmt-20000} enter cache
2018-06-14 13:33:53  INFO AdminTask:17 - ......SOCKET...IS.....WORKING 
2018-06-14 13:33:53  INFO AdminTask:27 - ......CLOCK_SOCKET...IS.....WORKING 
2018-06-14 13:33:53  INFO SocketListener:38 - 服务已经启动，开始在端口[8888]监听,等待TCP客户端连接....
2018-06-14 13:33:53 DEBUG SocketListener:41 - 无法启动监听,可能由于网络不通，或端口[8888]已被占用.
java.net.BindException: Address already in use: JVM_Bind
	at java.net.DualStackPlainSocketImpl.bind0(Native Method)
	at java.net.DualStackPlainSocketImpl.socketBind(DualStackPlainSocketImpl.java:106)
	at java.net.AbstractPlainSocketImpl.bind(AbstractPlainSocketImpl.java:387)
	at java.net.PlainSocketImpl.bind(PlainSocketImpl.java:190)
	at java.net.ServerSocket.bind(ServerSocket.java:375)
	at java.net.ServerSocket.<init>(ServerSocket.java:237)
	at java.net.ServerSocket.<init>(ServerSocket.java:181)
	at com.smart.socket.listener.SocketListener.init(SocketListener.java:37)
	at com.smart.socket.listener.SocketListener.run(SocketListener.java:31)
	at java.lang.Thread.run(Thread.java:748)
2018-06-14 13:36:38  INFO DruidDataSource:669 - {dataSource-1} inited
2018-06-14 13:36:39 DEBUG PreparedStatementPool:123 - {conn-10005, pstmt-20000} enter cache
2018-06-14 13:36:41  INFO AdminTask:17 - ......SOCKET...IS.....WORKING 
2018-06-14 13:36:41  INFO AdminTask:27 - ......CLOCK_SOCKET...IS.....WORKING 
2018-06-14 13:36:41  INFO SocketListener:38 - 服务已经启动，开始在端口[8888]监听,等待TCP客户端连接....
2018-06-14 13:36:41  INFO ClockListener:38 - 服务已经启动，开始在端口[1234]监听,等待TCP客户端连接....
2018-06-14 13:37:30  INFO ClockListener:49 - 收到客户端[127.0.0.1:53905]连接请求.
2018-06-14 13:38:42  INFO Gprs_Packet:49 - 数据域长度：0接收长度：4
2018-06-14 13:38:42  INFO ThreadInputStream:48 - 数据校验未通过，接收长度有误!
2018-06-14 13:38:44  INFO Gprs_Packet:49 - 数据域长度：0接收长度：4
2018-06-14 13:38:44  INFO ThreadInputStream:48 - 数据校验未通过，接收长度有误!
2018-06-14 13:38:44  INFO Gprs_Packet:49 - 数据域长度：0接收长度：4
2018-06-14 13:38:44  INFO ThreadInputStream:48 - 数据校验未通过，接收长度有误!
2018-06-14 13:41:00  INFO DruidDataSource:669 - {dataSource-1} inited
2018-06-14 13:41:01 DEBUG PreparedStatementPool:123 - {conn-10005, pstmt-20000} enter cache
2018-06-14 13:41:03  INFO AdminTask:17 - ......SOCKET...IS.....WORKING 
2018-06-14 13:41:03  INFO AdminTask:27 - ......CLOCK_SOCKET...IS.....WORKING 
2018-06-14 13:41:03  INFO SocketListener:38 - 服务已经启动，开始在端口[8888]监听,等待TCP客户端连接....
2018-06-14 13:41:08  INFO ClockListener:39 - 服务已经启动，开始在端口[1234]监听,等待TCP客户端连接....
2018-06-14 13:41:19  INFO ClockListener:50 - 收到客户端[127.0.0.1:53948]连接请求.
2018-06-14 13:59:40  INFO DruidDataSource:669 - {dataSource-1} inited
2018-06-14 13:59:41 DEBUG PreparedStatementPool:123 - {conn-10005, pstmt-20000} enter cache
2018-06-14 13:59:43  INFO AdminTask:16 - ......SOCKET...IS.....WORKING 
2018-06-14 13:59:43  INFO SocketListener:38 - 服务已经启动，开始在端口[8888]监听,等待TCP客户端连接....
2018-06-14 14:12:44  INFO DruidDataSource:669 - {dataSource-1} inited
2018-06-14 14:12:45 DEBUG PreparedStatementPool:123 - {conn-10005, pstmt-20000} enter cache
2018-06-14 14:12:47  INFO AdminTask:17 - ......SOCKET...IS.....WORKING 
2018-06-14 14:12:47  INFO AdminTask:27 - ......CLOCK_SOCKET...IS.....WORKING 
2018-06-14 14:12:47  INFO SocketListener:38 - 服务已经启动，开始在端口[8888]监听,等待TCP客户端连接....
2018-06-14 14:12:47  INFO ClockListener:38 - 服务已经启动，开始在端口[1234]监听,等待TCP客户端连接....
2018-06-14 14:12:59  INFO ClockListener:49 - 收到客户端[127.0.0.1:54593]连接请求.
2018-06-14 14:14:51  INFO DruidDataSource:669 - {dataSource-1} inited
2018-06-14 14:14:52 DEBUG PreparedStatementPool:123 - {conn-10005, pstmt-20000} enter cache
2018-06-14 14:14:54  INFO AdminTask:17 - ......SOCKET...IS.....WORKING 
2018-06-14 14:14:54  INFO AdminTask:27 - ......CLOCK_SOCKET...IS.....WORKING 
2018-06-14 14:14:54  INFO SocketListener:38 - 服务已经启动，开始在端口[8888]监听,等待TCP客户端连接....
2018-06-14 14:14:54  INFO ClockListener:38 - 服务已经启动，开始在端口[1234]监听,等待TCP客户端连接....
2018-06-14 14:14:57  INFO ClockListener:49 - 收到客户端[127.0.0.1:54663]连接请求.
2018-06-14 14:24:13  INFO DruidDataSource:669 - {dataSource-1} inited
2018-06-14 14:24:14 DEBUG PreparedStatementPool:123 - {conn-10005, pstmt-20000} enter cache
2018-06-14 14:24:17  INFO AdminTask:17 - ......SOCKET...IS.....WORKING 
2018-06-14 14:24:17  INFO AdminTask:27 - ......CLOCK_SOCKET...IS.....WORKING 
2018-06-14 14:24:17  INFO SocketListener:38 - 服务已经启动，开始在端口[8888]监听,等待TCP客户端连接....
2018-06-14 14:24:17  INFO ClockListener:38 - 服务已经启动，开始在端口[1234]监听,等待TCP客户端连接....
2018-06-14 14:24:42  INFO ClockListener:49 - 收到客户端[127.0.0.1:54780]连接请求.
2018-06-14 14:31:59  INFO ClockListener:49 - 收到客户端[127.0.0.1:54864]连接请求.
2018-06-14 14:33:27  INFO DruidDataSource:669 - {dataSource-1} inited
2018-06-14 14:33:28 DEBUG PreparedStatementPool:123 - {conn-10005, pstmt-20000} enter cache
2018-06-14 14:33:30  INFO AdminTask:17 - ......SOCKET...IS.....WORKING 
2018-06-14 14:33:30  INFO AdminTask:27 - ......CLOCK_SOCKET...IS.....WORKING 
2018-06-14 14:33:30  INFO SocketListener:38 - 服务已经启动，开始在端口[8888]监听,等待TCP客户端连接....
2018-06-14 14:33:30  INFO ClockListener:38 - 服务已经启动，开始在端口[1234]监听,等待TCP客户端连接....
2018-06-14 15:28:49  INFO DruidDataSource:669 - {dataSource-1} inited
2018-06-14 15:28:50 DEBUG PreparedStatementPool:123 - {conn-10005, pstmt-20000} enter cache
2018-06-14 15:28:52  INFO AdminTask:17 - ......SOCKET...IS.....WORKING 
2018-06-14 15:28:52  INFO AdminTask:27 - ......CLOCK_SOCKET...IS.....WORKING 
2018-06-14 15:28:52  INFO SocketListener:38 - 服务已经启动，开始在端口[8888]监听,等待TCP客户端连接....
2018-06-14 15:28:52  INFO ClockListener:38 - 服务已经启动，开始在端口[1234]监听,等待TCP客户端连接....
2018-06-14 15:28:58  INFO ClockListener:49 - 收到客户端[127.0.0.1:57572]连接请求.
2018-06-14 17:04:42  INFO DruidDataSource:669 - {dataSource-1} inited
2018-06-14 17:04:43 DEBUG PreparedStatementPool:123 - {conn-10005, pstmt-20000} enter cache
2018-06-14 17:04:45  INFO AdminTask:17 - ......SOCKET...IS.....WORKING 
2018-06-14 17:04:45  INFO AdminTask:27 - ......CLOCK_SOCKET...IS.....WORKING 
2018-06-14 17:04:45  INFO SocketListener:38 - 服务已经启动，开始在端口[8888]监听,等待TCP客户端连接....
2018-06-14 17:04:45  INFO ClockListener:38 - 服务已经启动，开始在端口[1234]监听,等待TCP客户端连接....
2018-06-14 17:05:07  INFO ClockListener:49 - 收到客户端[127.0.0.1:60630]连接请求.
2018-06-14 17:05:26  INFO clockTask:42 - ==waiting message from client...
2018-06-14 17:05:26  INFO clockTask:50 - crc32value:0
2018-06-14 17:06:26  INFO DruidDataSource:669 - {dataSource-1} inited
2018-06-14 17:06:27 DEBUG PreparedStatementPool:123 - {conn-10005, pstmt-20000} enter cache
2018-06-14 17:06:29  INFO AdminTask:16 - ......SOCKET...IS.....WORKING 
2018-06-14 17:06:29  INFO SocketListener:38 - 服务已经启动，开始在端口[8888]监听,等待TCP客户端连接....
2018-06-14 17:06:56  INFO SocketListener:49 - 收到客户端[127.0.0.1:60651]连接请求.
2018-06-14 17:07:14  INFO Task:59 - 时钟校验crc32校验...
2018-06-14 17:07:23  INFO Task:65 - Receive Message: 5AAA0000
2018-06-14 17:12:46  INFO Task:60 - 时钟校验crc32校验...
2018-06-14 17:12:56  INFO Task:66 - Receive Message: 5AAA0000
2018-06-14 17:13:08 DEBUG Task:? - 调用数据解析的线程发生了一个错误
java.lang.ArrayIndexOutOfBoundsException: 2
	at com.smart.socket.util.newStringUtil.longToByteArray(newStringUtil.java:361)
	at com.smart.socket.task.Task.checkClockCrc32(Task.java:71)
	at com.smart.socket.task.Task.handleSocket(Unknown Source)
	at com.smart.socket.task.Task.run(Unknown Source)
	at java.lang.Thread.run(Thread.java:748)
2018-06-14 17:13:56  INFO DruidDataSource:669 - {dataSource-1} inited
2018-06-14 17:13:57 DEBUG PreparedStatementPool:123 - {conn-10005, pstmt-20000} enter cache
2018-06-14 17:13:59  INFO AdminTask:16 - ......SOCKET...IS.....WORKING 
2018-06-14 17:13:59  INFO SocketListener:38 - 服务已经启动，开始在端口[8888]监听,等待TCP客户端连接....
2018-06-14 17:20:03  INFO SocketListener:49 - 收到客户端[127.0.0.1:61033]连接请求.
2018-06-14 17:20:09  INFO Task:60 - 时钟校验crc32校验...
2018-06-14 17:20:20  INFO Task:66 - Receive Message: 5AAA0000
2018-06-14 17:20:23 DEBUG Task:49 - 调用数据解析的线程发生了一个错误
java.lang.ArrayIndexOutOfBoundsException: 2
	at com.smart.socket.util.newStringUtil.longToByteArray(newStringUtil.java:361)
	at com.smart.socket.task.Task.checkClockCrc32(Task.java:71)
	at com.smart.socket.task.Task.handleSocket(Task.java:43)
	at com.smart.socket.task.Task.run(Task.java:32)
	at java.lang.Thread.run(Thread.java:748)
2018-06-14 17:20:48  INFO SocketListener:49 - 收到客户端[127.0.0.1:61037]连接请求.
2018-06-14 17:20:52  INFO Task:60 - 时钟校验crc32校验...
2018-06-14 17:20:59  INFO Task:66 - Receive Message: 5AAA0000
2018-06-14 17:22:22 DEBUG Task:49 - 调用数据解析的线程发生了一个错误
java.lang.ArrayIndexOutOfBoundsException: 2
	at com.smart.socket.util.newStringUtil.longToByteArray(newStringUtil.java:361)
	at com.smart.socket.task.Task.checkClockCrc32(Task.java:71)
	at com.smart.socket.task.Task.handleSocket(Task.java:43)
	at com.smart.socket.task.Task.run(Task.java:32)
	at java.lang.Thread.run(Thread.java:748)
2018-06-14 17:22:33  INFO SocketListener:49 - 收到客户端[127.0.0.1:61059]连接请求.
2018-06-14 17:22:38  INFO Task:60 - 时钟校验crc32校验...
2018-06-14 17:22:48  INFO Task:66 - Receive Message: 5AAA0000
2018-06-14 17:23:20 DEBUG Task:49 - 调用数据解析的线程发生了一个错误
java.lang.ArrayIndexOutOfBoundsException: 2
	at com.smart.socket.util.newStringUtil.longToByteArray(newStringUtil.java:361)
	at com.smart.socket.task.Task.checkClockCrc32(Task.java:71)
	at com.smart.socket.task.Task.handleSocket(Task.java:43)
	at com.smart.socket.task.Task.run(Task.java:32)
	at java.lang.Thread.run(Thread.java:748)
2018-06-14 17:27:46  INFO DruidDataSource:669 - {dataSource-1} inited
2018-06-14 17:27:47 DEBUG PreparedStatementPool:123 - {conn-10005, pstmt-20000} enter cache
2018-06-14 17:27:50  INFO AdminTask:16 - ......SOCKET...IS.....WORKING 
2018-06-14 17:27:50  INFO SocketListener:38 - 服务已经启动，开始在端口[8888]监听,等待TCP客户端连接....
2018-06-14 17:29:13  INFO SocketListener:49 - 收到客户端[127.0.0.1:61386]连接请求.
2018-06-14 17:29:23  INFO Task:60 - 时钟校验crc32校验...
2018-06-14 17:29:25  INFO Task:66 - Receive Message: 5AAA0000
2018-06-14 17:30:22  INFO Task:72 - crc32value:3325775843
2018-06-14 17:31:16  INFO Gprs_Packet:49 - 数据域长度：0接收长度：8
2018-06-14 17:31:16  INFO ThreadInputStream:48 - 数据校验未通过，接收长度有误!
2018-06-14 18:09:54  INFO DruidDataSource:669 - {dataSource-1} inited
2018-06-14 18:09:57 DEBUG PreparedStatementPool:123 - {conn-10005, pstmt-20000} enter cache
2018-06-14 18:09:59  INFO AdminTask:16 - ......SOCKET...IS.....WORKING 
2018-06-14 18:09:59  INFO SocketListener:38 - 服务已经启动，开始在端口[8888]监听,等待TCP客户端连接....
2018-06-14 18:10:08  INFO SocketListener:49 - 收到客户端[127.0.0.1:61946]连接请求.
2018-06-14 18:10:19  INFO Task:60 - 时钟校验crc32校验...
2018-06-14 18:10:49  INFO Task:66 - Receive Message: 5AAA0000
2018-06-14 18:12:27  INFO Task:73 - crc32value:3325775843
2018-06-14 18:12:41  INFO SocketListener:49 - 收到客户端[127.0.0.1:61965]连接请求.
2018-06-14 18:12:50  INFO SocketListener:49 - 收到客户端[127.0.0.1:61966]连接请求.
2018-06-14 18:12:54  INFO Gprs_Packet:49 - 数据域长度：0接收长度：-1
2018-06-14 18:12:54  INFO ThreadInputStream:48 - 数据校验未通过，接收长度有误!
2018-06-14 18:12:59  INFO Task:60 - 时钟校验crc32校验...
2018-06-14 18:12:59  INFO Task:66 - Receive Message: 5AAA0000
2018-06-14 18:13:56  INFO Task:73 - crc32value:3325775843
2018-06-14 18:14:50  INFO SocketListener:49 - 收到客户端[127.0.0.1:61978]连接请求.
2018-06-14 18:14:59  INFO Task:60 - 时钟校验crc32校验...
2018-06-14 18:15:08  INFO Task:66 - Receive Message: 5AAA0000
2018-06-14 18:15:16  INFO Task:73 - crc32value:3325775843
2018-06-14 18:20:30  INFO Gprs_Packet:49 - 数据域长度：0接收长度：8
2018-06-14 18:20:30  INFO ThreadInputStream:48 - 数据校验未通过，接收长度有误!
2018-06-14 18:20:30 DEBUG ThreadInputStream:63 - 这里发生了一个{IO}异常!
java.net.SocketException: Software caused connection abort: recv failed
	at java.net.SocketInputStream.socketRead0(Native Method)
	at java.net.SocketInputStream.socketRead(SocketInputStream.java:116)
	at java.net.SocketInputStream.read(SocketInputStream.java:171)
	at java.net.SocketInputStream.read(SocketInputStream.java:141)
	at java.io.DataInputStream.read(DataInputStream.java:100)
	at com.smart.socket.processor.ThreadInputStream.run(ThreadInputStream.java:40)
	at java.lang.Thread.run(Thread.java:748)
2018-06-14 18:29:42  INFO SocketListener:49 - 收到客户端[127.0.0.1:62100]连接请求.
2018-06-14 18:29:50  INFO Task:60 - 时钟校验crc32校验...
2018-06-14 18:29:52  INFO Task:66 - Receive Message: 5a aa 00
2018-06-14 18:29:55 DEBUG Task:49 - 调用数据解析的线程发生了一个错误
java.lang.ArrayIndexOutOfBoundsException: 10
	at com.smart.socket.task.Task.checkClockCrc32(Task.java:71)
	at com.smart.socket.task.Task.handleSocket(Task.java:43)
	at com.smart.socket.task.Task.run(Task.java:32)
	at java.lang.Thread.run(Thread.java:748)
2018-06-14 18:30:40  INFO SocketListener:49 - 收到客户端[127.0.0.1:62103]连接请求.
2018-06-14 18:30:45  INFO Task:60 - 时钟校验crc32校验...
2018-06-14 18:30:53  INFO Task:66 - Receive Message: 5a aa 00
2018-06-14 18:49:11  INFO Task:61 - 时钟校验crc32校验...
2018-06-14 18:49:11  INFO Task:69 - Receive Message:  00 0c c
2018-06-14 18:49:11 DEBUG Task:? - 调用数据解析的线程发生了一个错误
java.lang.IndexOutOfBoundsException
	at java.io.ByteArrayOutputStream.write(ByteArrayOutputStream.java:151)
	at com.smart.socket.task.Task.checkClockCrc32(Task.java:70)
	at com.smart.socket.task.Task.handleSocket(Unknown Source)
	at com.smart.socket.task.Task.run(Unknown Source)
	at java.lang.Thread.run(Thread.java:748)
2018-06-14 18:49:21  INFO SocketListener:49 - 收到客户端[127.0.0.1:62486]连接请求.
2018-06-14 18:49:26  INFO Task:61 - 时钟校验crc32校验...
2018-06-14 18:49:36  INFO Task:69 - Receive Message: 5a aa 00
2018-06-14 18:49:37 DEBUG Task:50 - 调用数据解析的线程发生了一个错误
java.lang.IndexOutOfBoundsException
	at java.io.ByteArrayOutputStream.write(ByteArrayOutputStream.java:151)
	at com.smart.socket.task.Task.checkClockCrc32(Task.java:70)
	at com.smart.socket.task.Task.handleSocket(Task.java:44)
	at com.smart.socket.task.Task.run(Task.java:33)
	at java.lang.Thread.run(Thread.java:748)
2018-06-14 18:58:13  INFO SocketListener:49 - 收到客户端[127.0.0.1:62553]连接请求.
2018-06-14 18:58:16  INFO Task:61 - 时钟校验crc32校验...
2018-06-14 18:58:25  INFO Task:69 - Receive Message: 5a aa 00
2018-06-14 18:58:27 DEBUG Task:50 - 调用数据解析的线程发生了一个错误
java.lang.IndexOutOfBoundsException
	at java.io.ByteArrayOutputStream.write(ByteArrayOutputStream.java:151)
	at com.smart.socket.task.Task.checkClockCrc32(Task.java:70)
	at com.smart.socket.task.Task.handleSocket(Task.java:44)
	at com.smart.socket.task.Task.run(Task.java:33)
	at java.lang.Thread.run(Thread.java:748)
2018-06-14 18:59:50  INFO Task:61 - 时钟校验crc32校验...
2018-06-14 18:59:52  INFO Task:69 - Receive Message:  00 0c c
2018-06-14 18:59:54 DEBUG Task:50 - 调用数据解析的线程发生了一个错误
java.lang.IndexOutOfBoundsException
	at java.io.ByteArrayOutputStream.write(ByteArrayOutputStream.java:151)
	at com.smart.socket.task.Task.checkClockCrc32(Task.java:70)
	at com.smart.socket.task.Task.handleSocket(Task.java:44)
	at com.smart.socket.task.Task.run(Unknown Source)
	at java.lang.Thread.run(Thread.java:748)
2018-06-14 19:01:25  INFO Task:61 - 时钟校验crc32校验...
2018-06-14 19:01:27  INFO Task:69 - Receive Message: 6 63 3b 
2018-06-14 19:12:05  INFO SocketListener:49 - 收到客户端[127.0.0.1:63201]连接请求.
2018-06-14 19:12:09  INFO Task:61 - 时钟校验crc32校验...
2018-06-14 19:12:11  INFO Task:69 - Receive Message: 5a aa 00
2018-06-14 19:12:14 DEBUG Task:50 - 调用数据解析的线程发生了一个错误
java.lang.StringIndexOutOfBoundsException: String index out of range: 12
	at java.lang.String.checkBounds(String.java:385)
	at java.lang.String.<init>(String.java:545)
	at com.smart.socket.task.Task.checkClockCrc32(Task.java:73)
	at com.smart.socket.task.Task.handleSocket(Task.java:44)
	at com.smart.socket.task.Task.run(Task.java:33)
	at java.lang.Thread.run(Thread.java:748)
2018-06-14 19:13:11  INFO SocketListener:49 - 收到客户端[127.0.0.1:63210]连接请求.
2018-06-14 19:13:16  INFO Task:61 - 时钟校验crc32校验...
2018-06-14 19:13:18  INFO Task:69 - Receive Message: 5a aa 00
2018-06-14 19:14:50  INFO SocketListener:49 - 收到客户端[127.0.0.1:63219]连接请求.
2018-06-14 19:14:55  INFO Task:61 - 时钟校验crc32校验...
2018-06-14 19:14:57  INFO Task:69 - Receive Message: 5a aa 00
2018-06-14 19:16:19  INFO Task:75 - reviceMsg_crc32:5a aa 00---reviceMsg_crc32_L
	   0  1  2  3  4  5  6  7  8  9  a  b  c  d  e  f
00000000h: 06 64 47 78                                     ; .dGx

2018-06-14 19:16:25  INFO Gprs_Packet:49 - 数据域长度：8243接收长度：15
2018-06-14 19:16:25  INFO ThreadInputStream:48 - 数据校验未通过，接收长度有误!
2018-06-14 19:18:32  INFO Gprs_Packet:49 - 数据域长度：8243接收长度：-1
2018-06-14 19:18:32  INFO ThreadInputStream:48 - 数据校验未通过，接收长度有误!
2018-06-14 19:18:33  INFO SocketListener:49 - 收到客户端[127.0.0.1:63251]连接请求.
2018-06-14 19:18:38  INFO Task:61 - 时钟校验crc32校验...
2018-06-14 19:18:39  INFO Task:69 - Receive Message: 5a aa 00
2018-06-14 19:18:45  INFO Task:75 - reviceMsg_crc32:5a aa 00---reviceMsg_crc32_L06644778
2018-06-14 19:19:13  INFO Gprs_Packet:49 - 数据域长度：8243接收长度：15
2018-06-14 19:19:13  INFO ThreadInputStream:48 - 数据校验未通过，接收长度有误!
2018-06-14 19:21:15  INFO Gprs_Packet:49 - 数据域长度：8243接收长度：-1
2018-06-14 19:21:15  INFO ThreadInputStream:48 - 数据校验未通过，接收长度有误!
2018-06-14 19:21:15  INFO SocketListener:49 - 收到客户端[127.0.0.1:63267]连接请求.
2018-06-14 19:21:19  INFO Task:61 - 时钟校验crc32校验...
2018-06-14 19:21:21  INFO Task:69 - Receive Message: 5a aa 00
2018-06-14 19:21:34  INFO Task:61 - 时钟校验crc32校验...
2018-06-14 19:21:35  INFO Task:69 - Receive Message:  00 0c c
2018-06-14 19:25:00  INFO SocketListener:49 - 收到客户端[127.0.0.1:63292]连接请求.
2018-06-14 19:25:04  INFO Task:61 - 时钟校验crc32校验...
2018-06-14 19:25:06  INFO Task:69 - Receive Message: 5a aa 00
2018-06-14 19:26:36  INFO Task:76 - reviceMsg_crc32:---reviceMsg_crc32_L06644778
2018-06-14 19:26:39  INFO Gprs_Packet:49 - 数据域长度：8243接收长度：15
2018-06-14 19:26:39  INFO ThreadInputStream:48 - 数据校验未通过，接收长度有误!
2018-06-14 19:27:03  INFO Gprs_Packet:49 - 数据域长度：8243接收长度：-1
2018-06-14 19:27:03  INFO ThreadInputStream:48 - 数据校验未通过，接收长度有误!
